This is pdfTeX, Version 3.1415926-2.5-1.40.14 (TeX Live 2013/Debian) (format=latex 2014.12.15)  9 MAY 2016 17:27
entering extended mode
 restricted \write18 enabled.
 %&-line parsing enabled.
**ucdavisthesis_example_main.tex
(./ucdavisthesis_example_main.tex
LaTeX2e <2011/06/27>
Babel <3.9h> and hyphenation patterns for 4 languages loaded.
(./ucdavisthesis.cls
Document Class: ucdavisthesis 2013/08/18 v1.2 UCDavis thesis class
(/usr/share/texlive/texmf-dist/tex/latex/base/ifthen.sty
Package: ifthen 2001/05/26 v1.1c Standard LaTeX ifthen package (DPC)
) (./ucdthesis12.clo
File: ucdthesis12.clo 2009/02/22 v1.0 ucdavisthesis class 12pt size option
)
\c@part=\count79
\c@chapter=\count80
\c@section=\count81
\c@subsection=\count82
\c@subsubsection=\count83
\c@paragraph=\count84
\c@subparagraph=\count85
\bibindent=\dimen102
\abovecaptionskip=\skip41
\belowcaptionskip=\skip42
\c@figure=\count86
\c@table=\count87
\UMIfoliosep=\skip43
\c@UMIpagetemp=\count88
)
(/usr/share/texlive/texmf-dist/tex/latex/datetime/datetime.sty
Package: datetime 2013/09/10 v2.59 Date Time Package

(/usr/share/texlive/texmf-dist/tex/latex/etoolbox/etoolbox.sty
Package: etoolbox 2011/01/03 v2.1 e-TeX tools for LaTeX

(/usr/share/texlive/texmf-dist/tex/latex/etex-pkg/etex.sty
Package: etex 1998/03/26 v2.0 eTeX basic definition package (PEB)
\et@xins=\count89
)
\etb@tempcnta=\count90
)
(/usr/share/texlive/texmf-dist/tex/latex/fmtcount/fmtcount.sty
Package: fmtcount 2013/08/17 v2.03

(/usr/share/texlive/texmf-dist/tex/latex/graphics/keyval.sty
Package: keyval 1999/03/16 v1.13 key=value parser (DPC)
\KV@toks@=\toks14
)
(/usr/share/texlive/texmf-dist/tex/latex/fmtcount/fcprefix.sty
Package: fcprefix 2012/09/28

(/usr/share/texlive/texmf-dist/tex/latex/fmtcount/fcnumparser.sty
Package: fcnumparser 2012/09/28
\fc@digit@counter=\count91
))
(/usr/share/texlive/texmf-dist/tex/latex/amsmath/amsgen.sty
File: amsgen.sty 1999/11/30 v2.0
\@emptytoks=\toks15
\ex@=\dimen103
)
\c@padzeroesN=\count92
\fc@tmpcatcode=\count93
\@DT@modctr=\count94
\@ordinalctr=\count95
\@orgargctr=\count96
\@strctr=\count97
\@tmpstrctr=\count98
\@DT@loopN=\count99
\@DT@X=\count100

(/usr/share/texlive/texmf-dist/tex/latex/fmtcount/fc-english.def
File: fc-english.def 2013/08/17
))
(/usr/share/texlive/texmf-dist/tex/latex/datetime/datetime-defaults.sty
Package: datetime-defaults 2013/09/10
)
\@day=\count101
\@month=\count102
\@year=\count103
\c@HOUR=\count104
\c@HOURXII=\count105
\c@MINUTE=\count106
\c@TOHOUR=\count107
\c@TOMINUTE=\count108
\c@SECOND=\count109
\currenthour=\count110
\currentminute=\count111
\currentsecond=\count112
Package datetime Info: No datetime.cfg file found, using default settings on in
put line 308.
\@dtctr=\count113
\dayofyear=\count114
\dayofweek=\count115
LaTeX Info: Redefining \today on input line 736.
\dt@a=\toks16
\dt@b=\toks17
)
(/usr/share/texlive/texmf-dist/tex/latex/graphics/graphicx.sty
Package: graphicx 1999/02/16 v1.0f Enhanced LaTeX Graphics (DPC,SPQR)

(/usr/share/texlive/texmf-dist/tex/latex/graphics/graphics.sty
Package: graphics 2009/02/05 v1.0o Standard LaTeX Graphics (DPC,SPQR)

(/usr/share/texlive/texmf-dist/tex/latex/graphics/trig.sty
Package: trig 1999/03/16 v1.09 sin cos tan (DPC)
)
(/usr/share/texlive/texmf-dist/tex/latex/latexconfig/graphics.cfg
File: graphics.cfg 2010/04/23 v1.9 graphics configuration of TeX Live
)
Package graphics Info: Driver file: dvips.def on input line 91.

(/usr/share/texlive/texmf-dist/tex/latex/graphics/dvips.def
File: dvips.def 1999/02/16 v3.0i Driver-dependant file (DPC,SPQR)
))
\Gin@req@height=\dimen104
\Gin@req@width=\dimen105
)
(./ucdavisthesis_example_main.aux (./ucdavisthesis_example_Chap1.aux)
(./ucdavisthesis_example_Chap2.aux) (./ucdavisthesis_example_Chap3.aux))
\openout1 = `ucdavisthesis_example_main.aux'.

LaTeX Font Info:    Checking defaults for OML/cmm/m/it on input line 100.
LaTeX Font Info:    ... okay on input line 100.
LaTeX Font Info:    Checking defaults for T1/cmr/m/n on input line 100.
LaTeX Font Info:    ... okay on input line 100.
LaTeX Font Info:    Checking defaults for OT1/cmr/m/n on input line 100.
LaTeX Font Info:    ... okay on input line 100.
LaTeX Font Info:    Checking defaults for OMS/cmsy/m/n on input line 100.
LaTeX Font Info:    ... okay on input line 100.
LaTeX Font Info:    Checking defaults for OMX/cmex/m/n on input line 100.
LaTeX Font Info:    ... okay on input line 100.
LaTeX Font Info:    Checking defaults for U/cmr/m/n on input line 100.
LaTeX Font Info:    ... okay on input line 100.

[1


]
LaTeX Font Info:    Try loading font information for OMS+cmr on input line 108.

 (/usr/share/texlive/texmf-dist/tex/latex/base/omscmr.fd
File: omscmr.fd 1999/05/25 v2.5h Standard LaTeX font definitions
)
LaTeX Font Info:    Font shape `OMS/cmr/m/n' in size <12> not available
(Font)              Font shape `OMS/cmsy/m/n' tried instead on input line 108.
 [1

] [2

]
(./ucdavisthesis_example_main.toc
LaTeX Font Info:    External font `cmex10' loaded for size
(Font)              <12> on input line 1.
LaTeX Font Info:    External font `cmex10' loaded for size
(Font)              <8> on input line 1.
LaTeX Font Info:    External font `cmex10' loaded for size
(Font)              <6> on input line 1.
 [3

])
\tf@toc=\write3
\openout3 = `ucdavisthesis_example_main.toc'.

 [4] (./ucdavisthesis_example_main.lof)
\tf@lof=\write4
\openout4 = `ucdavisthesis_example_main.lof'.


[5

] (./ucdavisthesis_example_main.lot)
\tf@lot=\write5
\openout5 = `ucdavisthesis_example_main.lot'.

 [6

] [7

] [8]
\openout2 = `ucdavisthesis_example_Chap1.aux'.


(./ucdavisthesis_example_Chap1.tex
Chapter 1.

LaTeX Font Warning: Font shape `OT1/cmr/bx/n' in size <29.86> not available
(Font)              size <24.88> substituted on input line 1.

LaTeX Font Info:    External font `cmex10' loaded for size
(Font)              <7> on input line 3.
LaTeX Font Info:    External font `cmex10' loaded for size
(Font)              <5> on input line 3.
[1


]
Overfull \hbox (63.00175pt too wide) in paragraph at lines 20--22
\OT1/cmr/m/n/12 re-search pa-pers and the-ses [[], [],|
 []

[2] [3]) [4]
\openout2 = `ucdavisthesis_example_Chap2.aux'.

 (./ucdavisthesis_example_Chap2.tex
Chapter 2.
[5



] [6] [7] [8] [9] [10] [11]) [12] [13]
\openout2 = `ucdavisthesis_example_Chap3.aux'.

 (./ucdavisthesis_example_Chap3.tex
Chapter 3.
[14



]
LaTeX Font Info:    External font `cmex10' loaded for size
(Font)              <10.95> on input line 48.
File: ucdavisthesis_example_figure.eps Graphic file (type eps)
 <ucdavisthesis_example_figure.eps> [15]
File: ucdavisthesis_example_figure.eps Graphic file (type eps)

<ucdavisthesis_example_figure.eps> [16]) [17] (./ucdavisthesis_example_main.bbl

Underfull \hbox (badness 4673) in paragraph at lines 15--18
[]\OT1/cmr/m/n/12 William Strunk, Jr, El-wyn Brooks
 []

) [18


] [1] [2] (./ucdavisthesis_example_main.aux
(./ucdavisthesis_example_Chap1.aux) (./ucdavisthesis_example_Chap2.aux)
(./ucdavisthesis_example_Chap3.aux))

LaTeX Font Warning: Size substitutions with differences
(Font)              up to 4.98pt have occurred.

 ) 
Here is how much of TeX's memory you used:
 1808 strings out of 494986
 23728 string characters out of 6180381
 86484 words of memory out of 5000000
 4987 multiletter control sequences out of 15000+600000
 10588 words of font info for 37 fonts, out of 8000000 for 9000
 40 hyphenation exceptions out of 8191
 35i,8n,23p,1132b,252s stack positions out of 5000i,500n,10000p,200000b,80000s

Output written on ucdavisthesis_example_main.dvi (29 pages, 58128 bytes).
