This is pdfTeX, Version 3.1415926-2.5-1.40.14 (TeX Live 2013/Debian) (format=latex 2014.12.15)  14 JAN 2016 15:16
entering extended mode
 restricted \write18 enabled.
 %&-line parsing enabled.
**ucdavisthesis.dtx
(./ucdavisthesis.dtx
LaTeX2e <2011/06/27>
Babel <3.9h> and hyphenation patterns for 4 languages loaded.
File: ucdavisthesis.dtx 2013/08/18 v1.2 UCDavis thesis class
(/usr/share/texlive/texmf-dist/tex/latex/base/ltxdoc.cls
Document Class: ltxdoc 2007/11/11 v2.0u Standard LaTeX documentation class
(/usr/share/texlive/texmf-dist/tex/latex/base/article.cls
Document Class: article 2007/10/19 v1.4h Standard LaTeX document class
(/usr/share/texlive/texmf-dist/tex/latex/base/size10.clo
File: size10.clo 2007/10/19 v1.4h Standard LaTeX file (size option)
)
\c@part=\count79
\c@section=\count80
\c@subsection=\count81
\c@subsubsection=\count82
\c@paragraph=\count83
\c@subparagraph=\count84
\c@figure=\count85
\c@table=\count86
\abovecaptionskip=\skip41
\belowcaptionskip=\skip42
\bibindent=\dimen102
)
(/usr/share/texlive/texmf-dist/tex/latex/base/doc.sty
Package: doc 2010/02/04 v2.1e Standard LaTeX documentation package (FMi)
\c@StandardModuleDepth=\count87
\guard@level=\count88
\MacrocodeTopsep=\skip43
\MacroIndent=\dimen103
\macro@cnt=\count89
\MacroTopsep=\skip44
\index@excludelist=\toks14

(/usr/share/texlive/texmf-dist/tex/latex/tools/multicol.sty
Package: multicol 2011/06/27 v1.7a multicolumn formatting (FMi)
\c@tracingmulticols=\count90
\mult@box=\box26
\multicol@leftmargin=\dimen104
\c@unbalance=\count91
\c@collectmore=\count92
\doublecol@number=\count93
\multicoltolerance=\count94
\multicolpretolerance=\count95
\full@width=\dimen105
\page@free=\dimen106
\premulticols=\dimen107
\postmulticols=\dimen108
\multicolsep=\skip45
\multicolbaselineskip=\skip46
\partial@page=\box27
\last@line=\box28
\mult@rightbox=\box29
\mult@grightbox=\box30
\mult@gfirstbox=\box31
\mult@firstbox=\box32
\@tempa=\box33
\@tempa=\box34
\@tempa=\box35
\@tempa=\box36
\@tempa=\box37
\@tempa=\box38
\@tempa=\box39
\@tempa=\box40
\@tempa=\box41
\@tempa=\box42
\@tempa=\box43
\@tempa=\box44
\@tempa=\box45
\@tempa=\box46
\@tempa=\box47
\@tempa=\box48
\@tempa=\box49
\c@columnbadness=\count96
\c@finalcolumnbadness=\count97
\last@try=\dimen109
\multicolovershoot=\dimen110
\multicolundershoot=\dimen111
\mult@nat@firstbox=\box50
\colbreak@box=\box51
\multicol@sort@counter=\count98
)
\IndexMin=\dimen112
\c@IndexColumns=\count99
\GlossaryMin=\dimen113
\c@GlossaryColumns=\count100
\check@sum=\count101
\bslash@cnt=\count102
\wrong@table=\toks15
\c@CodelineNo=\count103
))
\@glossaryfile=\write3
\openout3 = `ucdavisthesis.glo'.


Writing glossary file ucdavisthesis.glo 
(./ucdavisthesis.aux)
\openout1 = `ucdavisthesis.aux'.

LaTeX Font Info:    Checking defaults for OML/cmm/m/it on input line 57.
LaTeX Font Info:    ... okay on input line 57.
LaTeX Font Info:    Checking defaults for T1/cmr/m/n on input line 57.
LaTeX Font Info:    ... okay on input line 57.
LaTeX Font Info:    Checking defaults for OT1/cmr/m/n on input line 57.
LaTeX Font Info:    ... okay on input line 57.
LaTeX Font Info:    Checking defaults for OMS/cmsy/m/n on input line 57.
LaTeX Font Info:    ... okay on input line 57.
LaTeX Font Info:    Checking defaults for OMX/cmex/m/n on input line 57.
LaTeX Font Info:    ... okay on input line 57.
LaTeX Font Info:    Checking defaults for U/cmr/m/n on input line 57.
LaTeX Font Info:    ... okay on input line 57.
Package doc Info: Made | a short reference for \verb on input line 57.
 (./ucdavisthesis.dtx
***************************
* Character table correct *
***************************
LaTeX Font Info:    External font `cmex10' loaded for size
(Font)              <17.28> on input line 144.
LaTeX Font Info:    External font `cmex10' loaded for size
(Font)              <12> on input line 144.
LaTeX Font Info:    External font `cmex10' loaded for size
(Font)              <8> on input line 144.
LaTeX Font Info:    External font `cmex10' loaded for size
(Font)              <6> on input line 144.
LaTeX Font Info:    External font `cmex10' loaded for size
(Font)              <5> on input line 144.
(./ucdavisthesis.toc
LaTeX Font Info:    External font `cmex10' loaded for size
(Font)              <7> on input line 5.
 [1

] [2])
\tf@toc=\write4
\openout4 = `ucdavisthesis.toc'.

LaTeX Font Info:    Font shape `OT1/cmtt/bx/n' in size <10> not available
(Font)              Font shape `OT1/cmtt/m/n' tried instead on input line 172.
 [3] [4]
Overfull \hbox (9.99731pt too wide) in paragraph at lines 207--209
[][]\OT1/cmtt/m/n/10 \authordegrees[]{B.S. (University of California, Davis) 19
78[]\\
 []


Overfull \hbox (20.49722pt too wide) in paragraph at lines 207--209
[]               \OT1/cmtt/m/n/10 M.S. (University of California, Berkeley) 198
0} 
 []

[5] [6]
Overfull \hbox (33.93471pt too wide) in paragraph at lines 357--359
[]\OT1/cmr/m/n/10 Set the font type and size of the sub-sub-sec-tion ti-tle. De
-fault is []\OT1/cmtt/m/n/10 \bfseries\normalsize\OT1/cmr/m/n/10 . 
 []

LaTeX Font Info:    External font `cmex10' loaded for size
(Font)              <9> on input line 373.
[7]
Overfull \hbox (66.73694pt too wide) in paragraph at lines 411--411
 [][]\OT1/cmtt/m/n/9 \newcommand{\committee}[3]{\def\@memberone{#1}\def\@member
two{#2}\def\@memberthree{#3}} 
 []

[8]
Overfull \hbox (28.93738pt too wide) in paragraph at lines 483--483
 [][]\OT1/cmtt/m/n/9 \newcommand{\@titlespacing}{1.2} % Spacing to use in chapt
er and section titles 
 []

[9]
Overfull \hbox (24.21243pt too wide) in paragraph at lines 543--543
 [][]\OT1/cmtt/m/n/9 \DeclareOption{draft}{\setlength{\overfullrule}{5pt}\@draf
ttrue\@draftclstrue} 
 []


Overfull \hbox (43.11221pt too wide) in paragraph at lines 543--543
 [][]\OT1/cmtt/m/n/9 \DeclareOption{draftcls}{\setlength{\overfullrule}{5pt}\@d
raftfalse\@draftclstrue} 
 []


Overfull \hbox (33.66232pt too wide) in paragraph at lines 543--543
 [][]\OT1/cmtt/m/n/9 \DeclareOption{final}{\setlength{\overfullrule}{0pt}\@draf
tfalse\@draftclsfalse} 
 []

[10] [11]
Overfull \hbox (5.31265pt too wide) in paragraph at lines 649--649
 [][]\OT1/cmtt/m/n/9 \input{ucdthesis\@ptsize.clo} % \@ptsize is determined by 
the class option 
 []

[12] [13] [14]
Overfull \hbox (13.41566pt too wide) in paragraph at lines 825--826
[]\OT1/cmr/m/n/10 When defin-ing a []\OT1/cmtt/m/n/10 \chapter \OT1/cmr/m/n/10 
or []\OT1/cmtt/m/n/10 \section \OT1/cmr/m/n/10 com-mand with-out us-ing []\OT1/
cmtt/m/n/10 \@startsection\OT1/cmr/m/n/10 ,
 []

[15]
Overfull \hbox (0.5877pt too wide) in paragraph at lines 860--860
 [][]     \OT1/cmtt/m/n/9 \refstepcounter{part}%                    %   THEN st
ep part counter 
 []


Overfull \hbox (10.0376pt too wide) in paragraph at lines 893--893
 [][]   \OT1/cmtt/m/n/9 \global\@topnum\z@   % Prevents figures at top of first
 page in chapter. 
 []


Overfull \hbox (0.5877pt too wide) in paragraph at lines 893--893
 [][]   \OT1/cmtt/m/n/9 \secdef\@chapter\@schapter}   % change to \@afterindent
true to indent. 
 []

[16]
Overfull \hbox (19.48749pt too wide) in paragraph at lines 909--909
 [][]   \OT1/cmtt/m/n/9 \addtocontents{lof}{\protect\addvspace{10\p@}}% Adds be
tween-chapter space 
 []


Overfull \hbox (19.48749pt too wide) in paragraph at lines 909--909
 [][]   \OT1/cmtt/m/n/9 \addtocontents{lot}{\protect\addvspace{10\p@}}% to list
s of figs & tables. 
 []


Overfull \hbox (5.31265pt too wide) in paragraph at lines 909--909
 [][]    \OT1/cmtt/m/n/9 \@afterheading}    % Routine called after chapter and 
section heading. 
 []


Overfull \hbox (28.93738pt too wide) in paragraph at lines 926--926
 [][]  \OT1/cmtt/m/n/9 {\renewcommand\baselinestretch{\@titlespacing}% set spac
ing for chapter title 
 []


Overfull \hbox (19.48749pt too wide) in paragraph at lines 926--926
 [][]  \OT1/cmtt/m/n/9 }\renewcommand\baselinestretch{\@spacing}\@normalsize}% 
return to \@spacing 
 []


Overfull \hbox (14.76254pt too wide) in paragraph at lines 943--943
 [][]    \OT1/cmtt/m/n/9 #1\par\nobreak            % Title and TeX penalty to p
revent page break. 
 []

[17]
Overfull \hbox (24.21243pt too wide) in paragraph at lines 991--991
 [][]                    \OT1/cmtt/m/n/9 {\normalfont\renewcommand\baselinestre
tch{\@titlespacing}% 
 []


Overfull \hbox (38.38727pt too wide) in paragraph at lines 991--991
 [][]                       \OT1/cmtt/m/n/9 {\normalfont\renewcommand\baselines
tretch{\@titlespacing}% 
 []


Overfull \hbox (52.5621pt too wide) in paragraph at lines 991--991
 [][]                          \OT1/cmtt/m/n/9 {\normalfont\renewcommand\baseli
nestretch{\@titlespacing}% 
 []


Overfull \hbox (0.5877pt too wide) in paragraph at lines 1003--1003
 [][]                                       \OT1/cmtt/m/n/9 {\normalfont\normal
size\bfseries}} 
 []

[18] [19]
Overfull \hbox (84.60667pt too wide) in paragraph at lines 1093--1094
[][]\OT1/cmtt/m/n/10 \contentsline{$\OMS/cmsy/m/n/10 h$[]\OT1/cmr/m/it/10 figur
e$\OMS/cmsy/m/n/10 i$[]\OT1/cmtt/m/n/10 }{$\OMS/cmsy/m/n/10 h$[][]
 []

[20] [21]
Overfull \hbox (18.8311pt too wide) in paragraph at lines 1206--1209
[][]\OT1/cmtt/m/n/10 \def\newblock{\hskip .11em plus .33em minus -.07em} \OT1/c
mr/m/n/10 -- De-fines the `closed'
 []


Overfull \hbox (175.41068pt too wide) in paragraph at lines 1242--1242
 [][]            \OT1/cmtt/m/n/9 \renewcommand\baselinestretch{\@singlespacing}
\@normalsize % enforce single spacing for each entry 
 []

[22]
Overfull \hbox (90.36166pt too wide) in paragraph at lines 1242--1242
 [][]      \OT1/cmtt/m/n/9 \renewcommand\baselinestretch{\@spacing}\@normalsize
 % return to original line spacing 
 []


Overfull \hbox (0.5877pt too wide) in paragraph at lines 1272--1272
 [][]                     \OT1/cmtt/m/n/9 %(two column not used outside the ind
ex environment) 
 []

[23] [24]
Overfull \hbox (3.77641pt too wide) in paragraph at lines 1407--1412
[]\OT1/cmr/m/n/10 The []\OT1/cmtt/m/n/10 \ps@... \OT1/cmr/m/n/10 com-mand de-fi
nes the macros []\OT1/cmtt/m/n/10 \@oddhead\OT1/cmr/m/n/10 , []\OT1/cmtt/m/n/10
 \@oddfoot\OT1/cmr/m/n/10 , []\OT1/cmtt/m/n/10 \@evenhead\OT1/cmr/m/n/10 ,
 []

[25]
Overfull \hbox (24.23625pt too wide) in paragraph at lines 1413--1419
\OT1/cmr/m/n/10 fines the com-mands []\OT1/cmtt/m/n/10 \chaptermark\OT1/cmr/m/n
/10 , []\OT1/cmtt/m/n/10 \sectionmark\OT1/cmr/m/n/10 , ... , where []\OT1/cmtt/
m/n/10 \chaptermark{$\OMS/cmsy/m/n/10 h$[]\OT1/cmr/m/it/10 TEXT$\OMS/cmsy/m/n/1
0 i$[]\OT1/cmtt/m/n/10 }
 []

[26] [27] [28]
Overfull \hbox (5.31265pt too wide) in paragraph at lines 1587--1587
 [][]\OT1/cmtt/m/n/9 \@addtoreset {equation}{chapter}% Makes \chapter reset 'eq
uation' counter. 
 []

[29]
Overfull \hbox (24.21243pt too wide) in paragraph at lines 1632--1632
 [][]\OT1/cmtt/m/n/9 \def\endcode{\renewcommand\baselinestretch{\@spacing}\@nor
malsize\endtrivlist} 
 []


Overfull \hbox (5.31265pt too wide) in paragraph at lines 1646--1646
 [][]\OT1/cmtt/m/n/9 \long\def\@footnotetext#1{\insert\footins{\renewcommand\ba
selinestretch{1} 
 []


Overfull \hbox (10.0376pt too wide) in paragraph at lines 1646--1646
 [][]   \OT1/cmtt/m/n/9 \edef\@currentlabel{\csname p@footnote\endcsname\@thefn
mark}\@makefntext 
 []


Overfull \hbox (32.38783pt too wide) in paragraph at lines 1660--1661
[]\OT1/cmr/m/n/10 NEEDSWORK: This []\OT1/cmtt/m/n/10 singlespacing \OT1/cmr/m/n
/10 test al-ways fails, even when []\OT1/cmtt/m/n/10 ucdavisthesis.cls
 []

[30] [31] [32] [33]
Overfull \hbox (14.76254pt too wide) in paragraph at lines 1903--1903
 [][]        \OT1/cmtt/m/n/9 \null\thispagestyle{empty}\newpage % the back side
 of the title page 
 []


Overfull \hbox (0.5877pt too wide) in paragraph at lines 1903--1903
 [][]  \OT1/cmtt/m/n/9 \@prelimpagesfalse\newpage % end of preliminary pages, s
tart a new page 
 []

[34]
Overfull \hbox (10.0376pt too wide) in paragraph at lines 1953--1953
 [][]      \OT1/cmtt/m/n/9 \setcounter{UMIpagetemp}{\value{page}} % save the cu
rrent page number 
 []


Overfull \hbox (47.83716pt too wide) in paragraph at lines 1953--1953
 [][]      \OT1/cmtt/m/n/9 \pagestyle{UMIheadings} % page numbers in upper righ
t with surrounding dashes 
 []

[35]
Underfull \hbox (badness 10000) in paragraph at lines 1965--1968

 []

[36] [37] [38] [39] [40] [41]
Overfull \hbox (0.5877pt too wide) in paragraph at lines 2282--2282
 [][]\OT1/cmtt/m/n/9 \@beginparpenalty -\@lowpenalty % Before a list or paragra
ph environment. 
 []

No file ucdavisthesis.gls.
[42]
No file ucdavisthesis.ind.
*******************
* Checksum passed *
*******************
) (./ucdavisthesis.aux)

LaTeX Warning: Label(s) may have changed. Rerun to get cross-references right.

 ) 
Here is how much of TeX's memory you used:
 635 strings out of 494986
 7850 string characters out of 6180381
 64555 words of memory out of 5000000
 3894 multiletter control sequences out of 15000+600000
 13027 words of font info for 47 fonts, out of 8000000 for 9000
 36 hyphenation exceptions out of 8191
 30i,6n,21p,605b,304s stack positions out of 5000i,500n,10000p,200000b,80000s

Output written on ucdavisthesis.dvi (42 pages, 129484 bytes).
