\BOOKMARK [1][-]{chapter*.2}{List of Figures}{}% 1
\BOOKMARK [1][-]{chapter*.3}{List of Tables}{}% 2
\BOOKMARK [0][-]{chapter.1}{Event reconstruction and simulation}{}% 3
\BOOKMARK [1][-]{section.1.1}{Particle reconstruction}{chapter.1}% 4
\BOOKMARK [1][-]{section.1.2}{Monte Carlo event simulation}{chapter.1}% 5
\BOOKMARK [0][-]{chapter.2}{Datasets and Monte Carlo Simulations}{}% 6
\BOOKMARK [1][-]{section.2.1}{Data}{chapter.2}% 7
\BOOKMARK [2][-]{subsection.2.1.1}{Triggers and Datasets}{section.2.1}% 8
\BOOKMARK [2][-]{subsection.2.1.2}{Trigger Efficiency}{section.2.1}% 9
\BOOKMARK [1][-]{section.2.2}{Simulation}{chapter.2}% 10
\BOOKMARK [2][-]{subsection.2.2.1}{Signal Samples}{section.2.2}% 11
\BOOKMARK [2][-]{subsection.2.2.2}{Background Samples}{section.2.2}% 12
\BOOKMARK [0][-]{chapter.3}{Physics Objects}{}% 13
\BOOKMARK [1][-]{section.3.1}{Electrons}{chapter.3}% 14
\BOOKMARK [2][-]{subsection.3.1.1}{Electron Reconstruction}{section.3.1}% 15
\BOOKMARK [2][-]{subsection.3.1.2}{Electron Identification}{section.3.1}% 16
\BOOKMARK [2][-]{subsection.3.1.3}{Electron Isolation}{section.3.1}% 17
\BOOKMARK [2][-]{subsection.3.1.4}{Electron Energy Calibrations}{section.3.1}% 18
\BOOKMARK [2][-]{subsection.3.1.5}{Electron Efficiency Measurements}{section.3.1}% 19
\BOOKMARK [1][-]{section.3.2}{Muons}{chapter.3}% 20
\BOOKMARK [2][-]{subsection.3.2.1}{Muon Reconstruction and Identification}{section.3.2}% 21
\BOOKMARK [2][-]{subsection.3.2.2}{Muon Isolation}{section.3.2}% 22
\BOOKMARK [2][-]{subsection.3.2.3}{Muon Efficiency Measurements}{section.3.2}% 23
\BOOKMARK [1][-]{section.3.3}{Photons for FSR recovery}{chapter.3}% 24
\BOOKMARK [1][-]{section.3.4}{Jets}{chapter.3}% 25
\BOOKMARK [1][-]{section.3.5}{MET}{chapter.3}% 26
\BOOKMARK [0][-]{chapter.4}{Event Selection}{}% 27
\BOOKMARK [1][-]{section.4.1}{Trigger Selection}{chapter.4}% 28
\BOOKMARK [1][-]{section.4.2}{Vertex Selection}{chapter.4}% 29
\BOOKMARK [1][-]{section.4.3}{ZZ Candidate Selection}{chapter.4}% 30
\BOOKMARK [1][-]{section.4.4}{Choice of the best ZZ Candidate}{chapter.4}% 31
\BOOKMARK [0][-]{chapter.5}{Background Estimation}{}% 32
\BOOKMARK [1][-]{section.5.1}{Irreducible Backgrounds}{chapter.5}% 33
\BOOKMARK [2][-]{subsection.5.1.1}{qZZ \040Modelling}{section.5.1}% 34
\BOOKMARK [2][-]{subsection.5.1.2}{ggZZ \040Modelling}{section.5.1}% 35
\BOOKMARK [1][-]{section.5.2}{Reducible Background}{chapter.5}% 36
\BOOKMARK [0][-]{chapter.6}{Signal region and blinding}{}% 37
\BOOKMARK [1][-]{subsection.6.0.1}{Cut-and-count based signal region}{chapter.6}% 38
\BOOKMARK [2][-]{subsection.6.0.2}{MVA based signal region}{subsection.6.0.1}% 39
\BOOKMARK [1][-]{section.6.1}{Yields and distributions}{chapter.6}% 40
\BOOKMARK [0][-]{chapter.7}{Results}{}% 41
\BOOKMARK [1][-]{section.7.1}{Statistical analysis}{chapter.7}% 42
\BOOKMARK [2][-]{subsection.7.1.1}{Systematic uncertainties}{section.7.1}% 43
\BOOKMARK [2][-]{subsection.7.1.2}{Limit setting}{section.7.1}% 44
\BOOKMARK [1][-]{section.7.2}{Results}{chapter.7}% 45
\BOOKMARK [2][-]{subsection.7.2.1}{Cut-and-count based}{section.7.2}% 46
\BOOKMARK [2][-]{subsection.7.2.2}{MVA based}{section.7.2}% 47
\BOOKMARK [0][-]{chapter.8}{Conclusions}{}% 48
\BOOKMARK [0][-]{section*.68}{Appendices}{}% 49
\BOOKMARK [0][-]{Appendix.1.A}{Production Cross Sections for Benchmark Signal Models}{}% 50
